#
# A fatal error has been detected by the Java Runtime Environment:
#
#  SIGSEGV (0xb) at pc=0x000000011d01258d, pid=16022, tid=2571
#
# JRE version: Java(TM) SE Runtime Environment (8.0_45-b14) (build 1.8.0_45-b14)
# Java VM: Java HotSpot(TM) 64-Bit Server VM (25.45-b02 mixed mode bsd-amd64 compressed oops)
# Problematic frame:
# C  [libglass.dylib+0x1558d]  GlassScreenDidChangeScreenParameters+0x9d
#
# Failed to write core dump. Core dumps have been disabled. To enable core dumping, try "ulimit -c unlimited" before starting Java again
#
# If you would like to submit a bug report, please visit:
#   http://bugreport.java.com/bugreport/crash.jsp
#

---------------  T H R E A D  ---------------

Current thread is native thread

siginfo: si_signo: 11 (SIGSEGV), si_code: 1 (SEGV_MAPERR), si_addr: 0x0000000000000000

Registers:
RAX=0x000000011d044bc0, RBX=0x0000000000000000, RCX=0x0000000000000103, RDX=0x00007f8012c1bfa8
RSP=0x00007fff5c5d7bf0, RBP=0x00007fff5c5d7c00, RSI=0x00007f8010615a70, RDI=0x0000000000000000
R8 =0x0000000000000040, R9 =0x00007fff713f81e0, R10=0xffffffffffffffff, R11=0x0000000000000246
R12=0x00007f801058a500, R13=0x00007f80105423c0, R14=0x00007f8010542400, R15=0x0000000000000000
RIP=0x000000011d01258d, EFLAGS=0x0000000000010202, ERR=0x0000000000000004
  TRAPNO=0x000000000000000e

Top of Stack: (sp=0x00007fff5c5d7bf0)
0x00007fff5c5d7bf0:   00007fff5c5d7c48 00007f8010542400
0x00007fff5c5d7c00:   00007fff5c5d7c10 00007fff8453bbbc
0x00007fff5c5d7c10:   00007fff5c5d7c30 00007fff8453bb4f
0x00007fff5c5d7c20:   0000000000000000 0000000000000000
0x00007fff5c5d7c30:   00007fff5c5d7ca0 00007fff8453bac7
0x00007fff5c5d7c40:   00007fff70eab9d0 00007fff716a30a0
0x00007fff5c5d7c50:   0000000042000000 00007fff8453bb10
0x00007fff5c5d7c60:   00007fff71920720 00007f80105423c0
0x00007fff5c5d7c70:   00007f801058a500 00007fff5c5d8448
0x00007fff5c5d7c80:   00007fff71a4d780 00007fff5c5d8448
0x00007fff5c5d7c90:   00007f80105423c0 00007fff848fb9e2
0x00007fff5c5d7ca0:   00007fff5c5d7ce0 00007fff8453b832
0x00007fff5c5d7cb0:   00007fff5c5d82c0 0000000000000000
0x00007fff5c5d7cc0:   00007fff71a4d780 00007fff5c5d8448
0x00007fff5c5d7cd0:   00007fff8ab4a4c0 00007fff848fb9e2
0x00007fff5c5d7ce0:   00007fff5c5d83f0 00007fff844f85e2
0x00007fff5c5d7cf0:   00007fff5c5d7d40 00007fff856893f8
0x00007fff5c5d7d00:   00007f8010443200 00007f801070c7c0
0x00007fff5c5d7d10:   00007f8011003048 00007f8010729790
0x00007fff5c5d7d20:   0000000000000000 00007f8010542460
0x00007fff5c5d7d30:   0000000000000000 0000000000000000
0x00007fff5c5d7d40:   00007fff7195dbc0 00007fff5c5d82c0
0x00007fff5c5d7d50:   0000000000000001 0000000000000100
0x00007fff5c5d7d60:   0000000000001800 00007fff5c5d81c0
0x00007fff5c5d7d70:   0000000000000000 0000000000000100
0x00007fff5c5d7d80:   00007fff5c5d7d00 00007fff71a4d780
0x00007fff5c5d7d90:   0000000000000000 00007fff71921500
0x00007fff5c5d7da0:   00007fff71a4d780 0000000000000000
0x00007fff5c5d7db0:   00007fff71921500 00007f801057d5b0
0x00007fff5c5d7dc0:   00007f8010443200 0000000000000002
0x00007fff5c5d7dd0:   0000000000000000 00007fff8ab4a4c0
0x00007fff5c5d7de0:   00007fff5c5d7fa0 00007fff812d1480 

Instructions: (pc=0x000000011d01258d)
0x000000011d01256d:   89 df 4c 89 f1 41 ff 90 68 04 00 00 48 8d 05 48
0x000000011d01257d:   25 03 00 48 8b 30 48 8d 05 36 26 03 00 48 8b 10
0x000000011d01258d:   48 8b 0b 30 c0 48 89 df ff 91 68 04 00 00 48 8b
0x000000011d01259d:   03 48 89 df ff 50 78 48 85 c0 74 36 49 89 c6 48 

Register to memory mapping:

RAX=0x000000011d044bc0: jScreenNotifySettingsChanged+0 in /Library/Java/JavaVirtualMachines/jdk1.8.0_45.jdk/Contents/Home/jre/lib/libglass.dylib at 0x000000011cffd000
RBX=0x0000000000000000 is an unknown value
RCX=0x0000000000000103 is an unknown value
RDX=0x00007f8012c1bfa8 is an unknown value
RSP=0x00007fff5c5d7bf0 is an unknown value
RBP=0x00007fff5c5d7c00 is an unknown value
RSI=0x00007f8010615a70 is a global jni handle
RDI=0x0000000000000000 is an unknown value
R8 =0x0000000000000040 is an unknown value
R9 =0x00007fff713f81e0: __sFX+0x1c0 in /usr/lib/system/libsystem_c.dylib at 0x00007fff82a10000
R10=0xffffffffffffffff is an unknown value
R11=0x0000000000000246 is an unknown value
R12=0x00007f801058a500 is an unknown value
R13=0x00007f80105423c0 is an unknown value
R14=0x00007f8010542400 is an unknown value
R15=0x0000000000000000 is an unknown value


Stack: [0x00007fff5bddb000,0x00007fff5c5db000],  sp=0x00007fff5c5d7bf0,  free space=8178k
Native frames: (J=compiled Java code, j=interpreted, Vv=VM code, C=native code)
C  [libglass.dylib+0x1558d]  GlassScreenDidChangeScreenParameters+0x9d
C  [CoreFoundation+0xa0bbc]  __CFNOTIFICATIONCENTER_IS_CALLING_OUT_TO_AN_OBSERVER__+0xc
C  [CoreFoundation+0xa0b4f]  ___CFXRegistrationPost_block_invoke+0x3f
C  [CoreFoundation+0xa0ac7]  _CFXRegistrationPost+0x197
C  [CoreFoundation+0xa0832]  ___CFXNotificationPost_block_invoke+0x32
C  [CoreFoundation+0x5d5e2]  -[_CFXNotificationRegistrar find:object:observer:enumerator:]+0x782
C  [CoreFoundation+0x5c835]  _CFXNotificationPost+0x2b5
C  [Foundation+0x717a]  -[NSNotificationCenter postNotificationName:object:userInfo:]+0x42
C  [AppKit+0x41c08b]  -[NSApplication _reactToScreenInvalidationImmediately:]+0x17f
C  [AppKit+0x41bedc]  __44-[NSApplication _reactToScreenInvalidation:]_block_invoke+0x3b
C  [CoreFoundation+0xaa4ac]  __CFRUNLOOP_IS_CALLING_OUT_TO_A_BLOCK__+0xc
C  [CoreFoundation+0x89d05]  __CFRunLoopDoBlocks+0x155
C  [CoreFoundation+0x89a6b]  __CFRunLoopRun+0x92b
C  [CoreFoundation+0x88ed8]  CFRunLoopRunSpecific+0x128
C  [java+0x6490]  CreateExecutionEnvironment+0x367
C  [java+0x221c]  JLI_Launch+0x7a0
C  [java+0x84ed]  main+0x65
C  [java+0x1a74]  start+0x34


---------------  P R O C E S S  ---------------

VM state:at safepoint (normal execution)

VM Mutex/Monitor currently owned by a thread:  ([mutex/lock_event])
[0x00007f80106099b0] Threads_lock - owner thread: 0x00007f8011855800
[0x00007f8010609eb0] Heap_lock - owner thread: 0x00007f801505d000

Heap:
 PSYoungGen      total 35840K, used 17848K [0x0000000795580000, 0x0000000797e00000, 0x00000007c0000000)
  eden space 31232K, 57% used [0x0000000795580000,0x00000007966e6208,0x0000000797400000)
  from space 4608K, 0% used [0x0000000797900000,0x0000000797908000,0x0000000797d80000)
  to   space 5120K, 0% used [0x0000000797400000,0x0000000797400000,0x0000000797900000)
 ParOldGen       total 87552K, used 2799K [0x0000000740000000, 0x0000000745580000, 0x0000000795580000)
  object space 87552K, 3% used [0x0000000740000000,0x00000007402bbc58,0x0000000745580000)
 Metaspace       used 11592K, capacity 12158K, committed 12416K, reserved 1060864K
  class space    used 1427K, capacity 1596K, committed 1664K, reserved 1048576K

Card table byte_map: [0x0000000114529000,0x000000011492a000] byte_map_base: 0x0000000110b29000

Marking Bits: (ParMarkBitMap*) 0x0000000104ac27a0
 Begin Bits: [0x0000000114bd5000, 0x0000000116bd5000)
 End Bits:   [0x0000000116bd5000, 0x0000000118bd5000)

Polling page: 0x00000001038e8000

CodeCache: size=245760Kb used=8109Kb max_used=8324Kb free=237650Kb
 bounds [0x0000000105169000, 0x0000000105999000, 0x0000000114169000]
 total_blobs=2896 nmethods=2349 adapters=459
 compilation: enabled

Compilation events (10 events):
Event: 477.446 Thread 0x00007f8011838000 2532       3       javafx.collections.ListChangeBuilder::beginChange (11 bytes)
Event: 477.446 Thread 0x00007f8011838000 nmethod 2532 0x00000001055bb0d0 code [0x00000001055bb220, 0x00000001055bb370]
Event: 479.000 Thread 0x00007f8011838000 2533       3       javafx.collections.ListChangeBuilder::checkState (18 bytes)
Event: 479.001 Thread 0x00007f8011838000 nmethod 2533 0x0000000105407050 code [0x00000001054071c0, 0x0000000105407428]
Event: 479.076 Thread 0x00007f8011838000 2536       1       java.lang.invoke.MemberName::getReferenceKind (12 bytes)
Event: 479.077 Thread 0x00007f8011838000 nmethod 2536 0x00000001055d7e10 code [0x00000001055d7f60, 0x00000001055d8070]
Event: 479.077 Thread 0x00007f8011838000 2534       3       java.lang.invoke.DirectMethodHandle::make (199 bytes)
Event: 479.079 Thread 0x00007f8011838000 nmethod 2534 0x000000010535b2d0 code [0x000000010535b600, 0x000000010535ce28]
Event: 479.079 Thread 0x00007f8011838000 2535       3       java.lang.invoke.MemberName::isField (7 bytes)
Event: 479.080 Thread 0x00007f8011838000 nmethod 2535 0x0000000105416a10 code [0x0000000105416b80, 0x0000000105416df0]

GC Heap History (10 events):
Event: 199.961 GC heap before
{Heap before GC invocations=4 (full 0):
 PSYoungGen      total 38400K, used 36680K [0x0000000795580000, 0x0000000798000000, 0x00000007c0000000)
  eden space 33280K, 100% used [0x0000000795580000,0x0000000797600000,0x0000000797600000)
  from space 5120K, 66% used [0x0000000797600000,0x0000000797952040,0x0000000797b00000)
  to   space 5120K, 0% used [0x0000000797b00000,0x0000000797b00000,0x0000000798000000)
 ParOldGen       total 87552K, used 34K [0x0000000740000000, 0x0000000745580000, 0x0000000795580000)
  object space 87552K, 0% used [0x0000000740000000,0x0000000740008bc8,0x0000000745580000)
 Metaspace       used 11538K, capacity 12038K, committed 12160K, reserved 1060864K
  class space    used 1417K, capacity 1584K, committed 1664K, reserved 1048576K
Event: 199.971 GC heap after
Heap after GC invocations=4 (full 0):
 PSYoungGen      total 38400K, used 2804K [0x0000000795580000, 0x0000000798000000, 0x00000007c0000000)
  eden space 33280K, 0% used [0x0000000795580000,0x0000000795580000,0x0000000797600000)
  from space 5120K, 54% used [0x0000000797b00000,0x0000000797dbd050,0x0000000798000000)
  to   space 5120K, 0% used [0x0000000797600000,0x0000000797600000,0x0000000797b00000)
 ParOldGen       total 87552K, used 42K [0x0000000740000000, 0x0000000745580000, 0x0000000795580000)
  object space 87552K, 0% used [0x0000000740000000,0x000000074000abc8,0x0000000745580000)
 Metaspace       used 11538K, capacity 12038K, committed 12160K, reserved 1060864K
  class space    used 1417K, capacity 1584K, committed 1664K, reserved 1048576K
}
Event: 262.925 GC heap before
{Heap before GC invocations=5 (full 0):
 PSYoungGen      total 38400K, used 36084K [0x0000000795580000, 0x0000000798000000, 0x00000007c0000000)
  eden space 33280K, 100% used [0x0000000795580000,0x0000000797600000,0x0000000797600000)
  from space 5120K, 54% used [0x0000000797b00000,0x0000000797dbd050,0x0000000798000000)
  to   space 5120K, 0% used [0x0000000797600000,0x0000000797600000,0x0000000797b00000)
 ParOldGen       total 87552K, used 42K [0x0000000740000000, 0x0000000745580000, 0x0000000795580000)
  object space 87552K, 0% used [0x0000000740000000,0x000000074000abc8,0x0000000745580000)
 Metaspace       used 11539K, capacity 12038K, committed 12160K, reserved 1060864K
  class space    used 1417K, capacity 1584K, committed 1664K, reserved 1048576K
Event: 262.939 GC heap after
Heap after GC invocations=5 (full 0):
 PSYoungGen      total 35840K, used 2788K [0x0000000795580000, 0x0000000797d80000, 0x00000007c0000000)
  eden space 32768K, 0% used [0x0000000795580000,0x0000000795580000,0x0000000797580000)
  from space 3072K, 90% used [0x0000000797600000,0x00000007978b9040,0x0000000797900000)
  to   space 4096K, 0% used [0x0000000797980000,0x0000000797980000,0x0000000797d80000)
 ParOldGen       total 87552K, used 50K [0x0000000740000000, 0x0000000745580000, 0x0000000795580000)
  object space 87552K, 0% used [0x0000000740000000,0x000000074000cbc8,0x0000000745580000)
 Metaspace       used 11539K, capacity 12038K, committed 12160K, reserved 1060864K
  class space    used 1417K, capacity 1584K, committed 1664K, reserved 1048576K
}
Event: 326.276 GC heap before
{Heap before GC invocations=6 (full 0):
 PSYoungGen      total 35840K, used 35556K [0x0000000795580000, 0x0000000797d80000, 0x00000007c0000000)
  eden space 32768K, 100% used [0x0000000795580000,0x0000000797580000,0x0000000797580000)
  from space 3072K, 90% used [0x0000000797600000,0x00000007978b9040,0x0000000797900000)
  to   space 4096K, 0% used [0x0000000797980000,0x0000000797980000,0x0000000797d80000)
 ParOldGen       total 87552K, used 50K [0x0000000740000000, 0x0000000745580000, 0x0000000795580000)
  object space 87552K, 0% used [0x0000000740000000,0x000000074000cbc8,0x0000000745580000)
 Metaspace       used 11539K, capacity 12038K, committed 12160K, reserved 1060864K
  class space    used 1417K, capacity 1584K, committed 1664K, reserved 1048576K
Event: 326.302 GC heap after
Heap after GC invocations=6 (full 0):
 PSYoungGen      total 35840K, used 2756K [0x0000000795580000, 0x0000000797d00000, 0x00000007c0000000)
  eden space 32256K, 0% used [0x0000000795580000,0x0000000795580000,0x0000000797500000)
  from space 3584K, 76% used [0x0000000797980000,0x0000000797c31040,0x0000000797d00000)
  to   space 4096K, 0% used [0x0000000797500000,0x0000000797500000,0x0000000797900000)
 ParOldGen       total 87552K, used 58K [0x0000000740000000, 0x0000000745580000, 0x0000000795580000)
  object space 87552K, 0% used [0x0000000740000000,0x000000074000ebc8,0x0000000745580000)
 Metaspace       used 11539K, capacity 12038K, committed 12160K, reserved 1060864K
  class space    used 1417K, capacity 1584K, committed 1664K, reserved 1048576K
}
Event: 388.734 GC heap before
{Heap before GC invocations=7 (full 0):
 PSYoungGen      total 35840K, used 35012K [0x0000000795580000, 0x0000000797d00000, 0x00000007c0000000)
  eden space 32256K, 100% used [0x0000000795580000,0x0000000797500000,0x0000000797500000)
  from space 3584K, 76% used [0x0000000797980000,0x0000000797c31040,0x0000000797d00000)
  to   space 4096K, 0% used [0x0000000797500000,0x0000000797500000,0x0000000797900000)
 ParOldGen       total 87552K, used 58K [0x0000000740000000, 0x0000000745580000, 0x0000000795580000)
  object space 87552K, 0% used [0x0000000740000000,0x000000074000ebc8,0x0000000745580000)
 Metaspace       used 11539K, capacity 12038K, committed 12160K, reserved 1060864K
  class space    used 1417K, capacity 1584K, committed 1664K, reserved 1048576K
Event: 388.758 GC heap after
Heap after GC invocations=7 (full 0):
 PSYoungGen      total 35840K, used 128K [0x0000000795580000, 0x0000000797d80000, 0x00000007c0000000)
  eden space 31744K, 0% used [0x0000000795580000,0x0000000795580000,0x0000000797480000)
  from space 4096K, 3% used [0x0000000797500000,0x0000000797520000,0x0000000797900000)
  to   space 4608K, 0% used [0x0000000797900000,0x0000000797900000,0x0000000797d80000)
 ParOldGen       total 87552K, used 2783K [0x0000000740000000, 0x0000000745580000, 0x0000000795580000)
  object space 87552K, 3% used [0x0000000740000000,0x00000007402b7c58,0x0000000745580000)
 Metaspace       used 11539K, capacity 12038K, committed 12160K, reserved 1060864K
  class space    used 1417K, capacity 1584K, committed 1664K, reserved 1048576K
}
Event: 448.897 GC heap before
{Heap before GC invocations=8 (full 0):
 PSYoungGen      total 35840K, used 31872K [0x0000000795580000, 0x0000000797d80000, 0x00000007c0000000)
  eden space 31744K, 100% used [0x0000000795580000,0x0000000797480000,0x0000000797480000)
  from space 4096K, 3% used [0x0000000797500000,0x0000000797520000,0x0000000797900000)
  to   space 4608K, 0% used [0x0000000797900000,0x0000000797900000,0x0000000797d80000)
 ParOldGen       total 87552K, used 2783K [0x0000000740000000, 0x0000000745580000, 0x0000000795580000)
  object space 87552K, 3% used [0x0000000740000000,0x00000007402b7c58,0x0000000745580000)
 Metaspace       used 11541K, capacity 12038K, committed 12160K, reserved 1060864K
  class space    used 1417K, capacity 1584K, committed 1664K, reserved 1048576K
Event: 448.905 GC heap after
Heap after GC invocations=8 (full 0):
 PSYoungGen      total 35840K, used 32K [0x0000000795580000, 0x0000000797e00000, 0x00000007c0000000)
  eden space 31232K, 0% used [0x0000000795580000,0x0000000795580000,0x0000000797400000)
  from space 4608K, 0% used [0x0000000797900000,0x0000000797908000,0x0000000797d80000)
  to   space 5120K, 0% used [0x0000000797400000,0x0000000797400000,0x0000000797900000)
 ParOldGen       total 87552K, used 2799K [0x0000000740000000, 0x0000000745580000, 0x0000000795580000)
  object space 87552K, 3% used [0x0000000740000000,0x00000007402bbc58,0x0000000745580000)
 Metaspace       used 11541K, capacity 12038K, committed 12160K, reserved 1060864K
  class space    used 1417K, capacity 1584K, committed 1664K, reserved 1048576K
}

Deoptimization events (10 events):
Event: 479.078 Thread 0x00007f8010868800 Uncommon trap: reason=class_check action=maybe_recompile pc=0x00000001054a4120 method=java.util.concurrent.Executors$RunnableAdapter.call()Ljava/lang/Object; @ 4
Event: 479.088 Thread 0x00007f801086b800 Uncommon trap: reason=predicate action=maybe_recompile pc=0x0000000105962efc method=java.util.ArrayList.indexOf(Ljava/lang/Object;)I @ 44
Event: 479.094 Thread 0x00007f801086b800 Uncommon trap: reason=unstable_if action=reinterpret pc=0x00000001056c3584 method=javafx.scene.Scene.addToDirtyList(Ljavafx/scene/Node;)V @ 18
Event: 479.095 Thread 0x00007f801086b800 Uncommon trap: reason=unstable_if action=reinterpret pc=0x00000001059509dc method=com.sun.javafx.application.PlatformImpl.checkIdle()V @ 40
Event: 479.097 Thread 0x00007f801086b800 Uncommon trap: reason=unstable_if action=reinterpret pc=0x000000010528afec method=java.util.concurrent.CountDownLatch$Sync.tryReleaseShared(I)Z @ 6
Event: 479.102 Thread 0x00007f801086b800 Uncommon trap: reason=unstable_if action=reinterpret pc=0x00000001057b2c30 method=java.util.concurrent.locks.ReentrantLock$NonfairSync.lock()V @ 6
Event: 479.102 Thread 0x00007f801086b800 Uncommon trap: reason=unstable_if action=reinterpret pc=0x00000001057134a4 method=java.util.concurrent.locks.ReentrantLock$Sync.tryRelease(I)Z @ 28
Event: 479.102 Thread 0x00007f801086b800 Uncommon trap: reason=unstable_if action=reinterpret pc=0x00000001054d82d0 method=java.util.concurrent.ThreadPoolExecutor.isRunning(I)Z @ 1
Event: 479.102 Thread 0x00007f8010868800 Uncommon trap: reason=unstable_if action=reinterpret pc=0x0000000105965ca0 method=java.util.concurrent.locks.AbstractQueuedSynchronizer$ConditionObject.checkInterruptWhileWaiting(Ljava/util/concurrent/locks/AbstractQueuedSynchronizer$Node;)I @ 3
Event: 479.103 Thread 0x00007f8010868800 Uncommon trap: reason=unstable_if action=reinterpret pc=0x0000000105357fd0 method=java.util.concurrent.ThreadPoolExecutor.getTask()Ljava/lang/Runnable; @ 16

Internal exceptions (10 events):
Event: 0.332 Thread 0x00007f8011809800 Exception <a 'java/lang/NoSuchFieldError': method resolution failed> (0x00000007958cfe30) thrown at [/Users/java_re/workspace/8-2-build-macosx-x86_64/jdk8u45/3457/hotspot/src/share/vm/prims/methodHandles.cpp, line 1125]
Event: 0.368 Thread 0x00007f8011809800 Exception <a 'java/security/PrivilegedActionException'> (0x000000079595c478) thrown at [/Users/java_re/workspace/8-2-build-macosx-x86_64/jdk8u45/3457/hotspot/src/share/vm/prims/jvm.cpp, line 1382]
Event: 0.368 Thread 0x00007f8011809800 Exception <a 'java/security/PrivilegedActionException'> (0x000000079595c630) thrown at [/Users/java_re/workspace/8-2-build-macosx-x86_64/jdk8u45/3457/hotspot/src/share/vm/prims/jvm.cpp, line 1382]
Event: 0.369 Thread 0x00007f8011809800 Exception <a 'java/security/PrivilegedActionException'> (0x000000079595f820) thrown at [/Users/java_re/workspace/8-2-build-macosx-x86_64/jdk8u45/3457/hotspot/src/share/vm/prims/jvm.cpp, line 1382]
Event: 0.369 Thread 0x00007f8011809800 Exception <a 'java/security/PrivilegedActionException'> (0x000000079595f9d8) thrown at [/Users/java_re/workspace/8-2-build-macosx-x86_64/jdk8u45/3457/hotspot/src/share/vm/prims/jvm.cpp, line 1382]
Event: 0.369 Thread 0x00007f8011809800 Exception <a 'java/lang/NullPointerException'> (0x00000007959612f8) thrown at [/Users/java_re/workspace/8-2-build-macosx-x86_64/jdk8u45/3457/hotspot/src/share/vm/interpreter/linkResolver.cpp, line 1178]
Event: 0.977 Thread 0x00007f801086b800 Exception <a 'java/lang/NullPointerException'> (0x00000007962349c0) thrown at [/Users/java_re/workspace/8-2-build-macosx-x86_64/jdk8u45/3457/hotspot/src/share/vm/interpreter/linkResolver.cpp, line 1178]
Event: 0.977 Thread 0x00007f801086b800 Exception <a 'java/lang/NullPointerException'> (0x00000007962349c0) thrown at [/Users/java_re/workspace/8-2-build-macosx-x86_64/jdk8u45/3457/hotspot/src/share/vm/prims/jvm.cpp, line 1386]
Event: 39.496 Thread 0x00007f801086b800 Implicit null exception at 0x0000000105823347 to 0x00000001058242c9
Event: 479.078 Thread 0x00007f801086b800 Implicit null exception at 0x0000000105428112 to 0x00000001054285dd

Events (10 events):
Event: 479.106 Thread 0x00007f8011809800 Thread exited: 0x00007f8011809800
Event: 479.106 Thread 0x00007f801505d000 Thread added: 0x00007f801505d000
Event: 479.529 Thread 0x00007f801086b800 Thread exited: 0x00007f801086b800
Event: 479.529 loading class java/util/IdentityHashMap$KeySet
Event: 479.530 loading class java/util/IdentityHashMap$KeySet done
Event: 479.530 loading class java/util/IdentityHashMap$KeyIterator
Event: 479.530 loading class java/util/IdentityHashMap$IdentityHashMapIterator
Event: 479.530 loading class java/util/IdentityHashMap$IdentityHashMapIterator done
Event: 479.531 loading class java/util/IdentityHashMap$KeyIterator done
Event: 479.532 Thread 0x00007f801505d000 Thread exited: 0x00007f801505d000


Dynamic libraries:
0x0000000000da2000 	/System/Library/Frameworks/Cocoa.framework/Versions/A/Cocoa
0x0000000000da2000 	/System/Library/Frameworks/Security.framework/Versions/A/Security
0x0000000000da2000 	/System/Library/Frameworks/ApplicationServices.framework/Versions/A/ApplicationServices
0x0000000000da2000 	/usr/lib/libz.1.dylib
0x0000000000da2000 	/usr/lib/libSystem.B.dylib
0x0000000000da2000 	/usr/lib/libobjc.A.dylib
0x0000000000da2000 	/System/Library/Frameworks/CoreFoundation.framework/Versions/A/CoreFoundation
0x0000000000da2000 	/System/Library/Frameworks/Foundation.framework/Versions/C/Foundation
0x0000000000da2000 	/System/Library/Frameworks/AppKit.framework/Versions/C/AppKit
0x0000000000da2000 	/System/Library/Frameworks/CoreData.framework/Versions/A/CoreData
0x0000000000da2000 	/System/Library/PrivateFrameworks/RemoteViewServices.framework/Versions/A/RemoteViewServices
0x0000000000da2000 	/System/Library/PrivateFrameworks/UIFoundation.framework/Versions/A/UIFoundation
0x0000000000da2000 	/usr/lib/libScreenReader.dylib
0x0000000000da2000 	/System/Library/Frameworks/Accelerate.framework/Versions/A/Accelerate
0x0000000000da2000 	/System/Library/Frameworks/IOSurface.framework/Versions/A/IOSurface
0x0000000000da2000 	/System/Library/Frameworks/AudioToolbox.framework/Versions/A/AudioToolbox
0x0000000000da2000 	/System/Library/Frameworks/AudioUnit.framework/Versions/A/AudioUnit
0x0000000000da2000 	/System/Library/PrivateFrameworks/DataDetectorsCore.framework/Versions/A/DataDetectorsCore
0x0000000000da2000 	/System/Library/PrivateFrameworks/DesktopServicesPriv.framework/Versions/A/DesktopServicesPriv
0x0000000000da2000 	/System/Library/Frameworks/Carbon.framework/Versions/A/Frameworks/HIToolbox.framework/Versions/A/HIToolbox
0x0000000000da2000 	/System/Library/Frameworks/QuartzCore.framework/Versions/A/QuartzCore
0x0000000000da2000 	/System/Library/Frameworks/Carbon.framework/Versions/A/Frameworks/SpeechRecognition.framework/Versions/A/SpeechRecognition
0x0000000000da2000 	/usr/lib/libauto.dylib
0x0000000000da2000 	/usr/lib/libicucore.A.dylib
0x0000000000da2000 	/usr/lib/libxml2.2.dylib
0x0000000000da2000 	/System/Library/PrivateFrameworks/CoreUI.framework/Versions/A/CoreUI
0x0000000000da2000 	/System/Library/Frameworks/CoreAudio.framework/Versions/A/CoreAudio
0x0000000000da2000 	/System/Library/Frameworks/DiskArbitration.framework/Versions/A/DiskArbitration
0x0000000000da2000 	/usr/lib/liblangid.dylib
0x0000000000da2000 	/System/Library/PrivateFrameworks/MultitouchSupport.framework/Versions/A/MultitouchSupport
0x0000000000da2000 	/System/Library/Frameworks/IOKit.framework/Versions/A/IOKit
0x0000000000da2000 	/usr/lib/libDiagnosticMessagesClient.dylib
0x0000000000da2000 	/System/Library/Frameworks/CoreServices.framework/Versions/A/CoreServices
0x0000000000da2000 	/System/Library/PrivateFrameworks/PerformanceAnalysis.framework/Versions/A/PerformanceAnalysis
0x0000000000da2000 	/System/Library/PrivateFrameworks/GenerationalStorage.framework/Versions/A/GenerationalStorage
0x0000000000da2000 	/System/Library/Frameworks/OpenGL.framework/Versions/A/OpenGL
0x0000000000da2000 	/System/Library/PrivateFrameworks/Sharing.framework/Versions/A/Sharing
0x0000000000da2000 	/System/Library/Frameworks/CoreGraphics.framework/Versions/A/CoreGraphics
0x0000000000da2000 	/System/Library/Frameworks/CoreImage.framework/Versions/A/CoreImage
0x0000000000da2000 	/System/Library/Frameworks/CoreText.framework/Versions/A/CoreText
0x0000000000da2000 	/System/Library/Frameworks/ImageIO.framework/Versions/A/ImageIO
0x0000000000da2000 	/System/Library/PrivateFrameworks/Backup.framework/Versions/A/Backup
0x0000000000da2000 	/usr/lib/libextension.dylib
0x0000000000da2000 	/usr/lib/libarchive.2.dylib
0x0000000000da2000 	/System/Library/Frameworks/CFNetwork.framework/Versions/A/CFNetwork
0x0000000000da2000 	/System/Library/Frameworks/SystemConfiguration.framework/Versions/A/SystemConfiguration
0x0000000000da2000 	/usr/lib/libCRFSuite.dylib
0x0000000000da2000 	/usr/lib/libc++.1.dylib
0x0000000000da2000 	/usr/lib/libc++abi.dylib
0x0000000000da2000 	/usr/lib/system/libcache.dylib
0x0000000000da2000 	/usr/lib/system/libcommonCrypto.dylib
0x0000000000da2000 	/usr/lib/system/libcompiler_rt.dylib
0x0000000000da2000 	/usr/lib/system/libcopyfile.dylib
0x0000000000da2000 	/usr/lib/system/libcorecrypto.dylib
0x0000000000da2000 	/usr/lib/system/libdispatch.dylib
0x0000000000da2000 	/usr/lib/system/libdyld.dylib
0x0000000000da2000 	/usr/lib/system/libkeymgr.dylib
0x0000000000da2000 	/usr/lib/system/liblaunch.dylib
0x0000000000da2000 	/usr/lib/system/libmacho.dylib
0x0000000000da2000 	/usr/lib/system/libquarantine.dylib
0x0000000000da2000 	/usr/lib/system/libremovefile.dylib
0x0000000000da2000 	/usr/lib/system/libsystem_asl.dylib
0x0000000000da2000 	/usr/lib/system/libsystem_blocks.dylib
0x0000000000da2000 	/usr/lib/system/libsystem_c.dylib
0x0000000000da2000 	/usr/lib/system/libsystem_configuration.dylib
0x0000000000da2000 	/usr/lib/system/libsystem_coreservices.dylib
0x0000000000da2000 	/usr/lib/system/libsystem_coretls.dylib
0x0000000000da2000 	/usr/lib/system/libsystem_dnssd.dylib
0x0000000000da2000 	/usr/lib/system/libsystem_info.dylib
0x0000000000da2000 	/usr/lib/system/libsystem_kernel.dylib
0x0000000000da2000 	/usr/lib/system/libsystem_m.dylib
0x0000000000da2000 	/usr/lib/system/libsystem_malloc.dylib
0x0000000000da2000 	/usr/lib/system/libsystem_network.dylib
0x0000000000da2000 	/usr/lib/system/libsystem_networkextension.dylib
0x0000000000da2000 	/usr/lib/system/libsystem_notify.dylib
0x0000000000da2000 	/usr/lib/system/libsystem_platform.dylib
0x0000000000da2000 	/usr/lib/system/libsystem_pthread.dylib
0x0000000000da2000 	/usr/lib/system/libsystem_sandbox.dylib
0x0000000000da2000 	/usr/lib/system/libsystem_secinit.dylib
0x0000000000da2000 	/usr/lib/system/libsystem_trace.dylib
0x0000000000da2000 	/usr/lib/system/libunc.dylib
0x0000000000da2000 	/usr/lib/system/libunwind.dylib
0x0000000000da2000 	/usr/lib/system/libxpc.dylib
0x0000000000da2000 	/usr/lib/libenergytrace.dylib
0x0000000000da2000 	/usr/lib/libbsm.0.dylib
0x0000000000da2000 	/usr/lib/system/libkxld.dylib
0x0000000000da2000 	/usr/lib/libxar.1.dylib
0x0000000000da2000 	/usr/lib/libsqlite3.dylib
0x0000000000da2000 	/usr/lib/libpam.2.dylib
0x0000000000da2000 	/usr/lib/libOpenScriptingUtil.dylib
0x0000000000da2000 	/usr/lib/libbz2.1.0.dylib
0x0000000000da2000 	/usr/lib/liblzma.5.dylib
0x0000000000da2000 	/System/Library/Frameworks/CoreServices.framework/Versions/A/Frameworks/FSEvents.framework/Versions/A/FSEvents
0x0000000000da2000 	/System/Library/Frameworks/CoreServices.framework/Versions/A/Frameworks/CarbonCore.framework/Versions/A/CarbonCore
0x0000000000da2000 	/System/Library/Frameworks/CoreServices.framework/Versions/A/Frameworks/Metadata.framework/Versions/A/Metadata
0x0000000000da2000 	/System/Library/Frameworks/CoreServices.framework/Versions/A/Frameworks/OSServices.framework/Versions/A/OSServices
0x0000000000da2000 	/System/Library/Frameworks/CoreServices.framework/Versions/A/Frameworks/SearchKit.framework/Versions/A/SearchKit
0x0000000000da2000 	/System/Library/Frameworks/CoreServices.framework/Versions/A/Frameworks/AE.framework/Versions/A/AE
0x0000000000da2000 	/System/Library/Frameworks/CoreServices.framework/Versions/A/Frameworks/LaunchServices.framework/Versions/A/LaunchServices
0x0000000000da2000 	/System/Library/Frameworks/CoreServices.framework/Versions/A/Frameworks/DictionaryServices.framework/Versions/A/DictionaryServices
0x0000000000da2000 	/System/Library/Frameworks/CoreServices.framework/Versions/A/Frameworks/SharedFileList.framework/Versions/A/SharedFileList
0x0000000000da2000 	/System/Library/Frameworks/NetFS.framework/Versions/A/NetFS
0x0000000000da2000 	/System/Library/PrivateFrameworks/NetAuth.framework/Versions/A/NetAuth
0x0000000000da2000 	/System/Library/PrivateFrameworks/login.framework/Versions/A/Frameworks/loginsupport.framework/Versions/A/loginsupport
0x0000000000da2000 	/System/Library/PrivateFrameworks/TCC.framework/Versions/A/TCC
0x0000000000da2000 	/usr/lib/libmecabra.dylib
0x0000000000da2000 	/System/Library/Frameworks/ApplicationServices.framework/Versions/A/Frameworks/ATS.framework/Versions/A/ATS
0x0000000000da2000 	/System/Library/Frameworks/ApplicationServices.framework/Versions/A/Frameworks/ColorSync.framework/Versions/A/ColorSync
0x0000000000da2000 	/System/Library/Frameworks/ApplicationServices.framework/Versions/A/Frameworks/HIServices.framework/Versions/A/HIServices
0x0000000000da2000 	/System/Library/Frameworks/ApplicationServices.framework/Versions/A/Frameworks/LangAnalysis.framework/Versions/A/LangAnalysis
0x0000000000da2000 	/System/Library/Frameworks/ApplicationServices.framework/Versions/A/Frameworks/PrintCore.framework/Versions/A/PrintCore
0x0000000000da2000 	/System/Library/Frameworks/ApplicationServices.framework/Versions/A/Frameworks/QD.framework/Versions/A/QD
0x0000000000da2000 	/System/Library/Frameworks/ApplicationServices.framework/Versions/A/Frameworks/SpeechSynthesis.framework/Versions/A/SpeechSynthesis
0x0000000000da2000 	/System/Library/Frameworks/Metal.framework/Versions/A/Metal
0x0000000000da2000 	/System/Library/Frameworks/Accelerate.framework/Versions/A/Frameworks/vImage.framework/Versions/A/vImage
0x0000000000da2000 	/System/Library/Frameworks/Accelerate.framework/Versions/A/Frameworks/vecLib.framework/Versions/A/vecLib
0x0000000000da2000 	/System/Library/Frameworks/Accelerate.framework/Versions/A/Frameworks/vecLib.framework/Versions/A/libvDSP.dylib
0x0000000000da2000 	/System/Library/Frameworks/Accelerate.framework/Versions/A/Frameworks/vecLib.framework/Versions/A/libvMisc.dylib
0x0000000000da2000 	/System/Library/Frameworks/Accelerate.framework/Versions/A/Frameworks/vecLib.framework/Versions/A/libLAPACK.dylib
0x0000000000da2000 	/System/Library/Frameworks/Accelerate.framework/Versions/A/Frameworks/vecLib.framework/Versions/A/libBLAS.dylib
0x0000000000da2000 	/System/Library/Frameworks/Accelerate.framework/Versions/A/Frameworks/vecLib.framework/Versions/A/libLinearAlgebra.dylib
0x0000000000da2000 	/System/Library/Frameworks/Accelerate.framework/Versions/A/Frameworks/vecLib.framework/Versions/A/libSparseBLAS.dylib
0x0000000000da2000 	/System/Library/PrivateFrameworks/GPUCompiler.framework/libmetal_timestamp.dylib
0x0000000000da2000 	/System/Library/Frameworks/OpenGL.framework/Versions/A/Libraries/libCoreFSCache.dylib
0x0000000000da2000 	/System/Library/PrivateFrameworks/IOAccelerator.framework/Versions/A/IOAccelerator
0x0000000000da2000 	/System/Library/Frameworks/ApplicationServices.framework/Versions/A/Frameworks/ATS.framework/Versions/A/Resources/libFontParser.dylib
0x0000000000da2000 	/System/Library/Frameworks/ApplicationServices.framework/Versions/A/Frameworks/ATS.framework/Versions/A/Resources/libFontRegistry.dylib
0x0000000000da2000 	/System/Library/PrivateFrameworks/AppleVPA.framework/Versions/A/AppleVPA
0x0000000000da2000 	/System/Library/PrivateFrameworks/AppleJPEG.framework/Versions/A/AppleJPEG
0x0000000000da2000 	/System/Library/Frameworks/ImageIO.framework/Versions/A/Resources/libJPEG.dylib
0x0000000000da2000 	/System/Library/Frameworks/ImageIO.framework/Versions/A/Resources/libTIFF.dylib
0x0000000000da2000 	/System/Library/Frameworks/ImageIO.framework/Versions/A/Resources/libPng.dylib
0x0000000000da2000 	/System/Library/Frameworks/ImageIO.framework/Versions/A/Resources/libGIF.dylib
0x0000000000da2000 	/System/Library/Frameworks/ImageIO.framework/Versions/A/Resources/libJP2.dylib
0x0000000000da2000 	/System/Library/Frameworks/ImageIO.framework/Versions/A/Resources/libRadiance.dylib
0x0000000000da2000 	/System/Library/Frameworks/CoreVideo.framework/Versions/A/CoreVideo
0x0000000000da2000 	/System/Library/Frameworks/OpenGL.framework/Versions/A/Libraries/libGLU.dylib
0x0000000000da2000 	/System/Library/Frameworks/OpenGL.framework/Versions/A/Libraries/libGFXShared.dylib
0x0000000000da2000 	/System/Library/Frameworks/OpenGL.framework/Versions/A/Libraries/libGL.dylib
0x0000000000da2000 	/System/Library/Frameworks/OpenGL.framework/Versions/A/Libraries/libGLImage.dylib
0x0000000000da2000 	/System/Library/Frameworks/OpenGL.framework/Versions/A/Libraries/libCVMSPluginSupport.dylib
0x0000000000da2000 	/System/Library/Frameworks/OpenGL.framework/Versions/A/Libraries/libCoreVMClient.dylib
0x0000000000da2000 	/usr/lib/libcompression.dylib
0x0000000000da2000 	/usr/lib/libcups.2.dylib
0x0000000000da2000 	/System/Library/Frameworks/Kerberos.framework/Versions/A/Kerberos
0x0000000000da2000 	/System/Library/Frameworks/GSS.framework/Versions/A/GSS
0x0000000000da2000 	/usr/lib/libresolv.9.dylib
0x0000000000da2000 	/usr/lib/libiconv.2.dylib
0x0000000000da2000 	/System/Library/PrivateFrameworks/Heimdal.framework/Versions/A/Heimdal
0x0000000000da2000 	/usr/lib/libheimdal-asn1.dylib
0x0000000000da2000 	/System/Library/Frameworks/OpenDirectory.framework/Versions/A/OpenDirectory
0x0000000000da2000 	/System/Library/PrivateFrameworks/CommonAuth.framework/Versions/A/CommonAuth
0x0000000000da2000 	/System/Library/Frameworks/OpenDirectory.framework/Versions/A/Frameworks/CFOpenDirectory.framework/Versions/A/CFOpenDirectory
0x0000000000da2000 	/System/Library/Frameworks/SecurityFoundation.framework/Versions/A/SecurityFoundation
0x0000000000da2000 	/System/Library/PrivateFrameworks/LanguageModeling.framework/Versions/A/LanguageModeling
0x0000000000da2000 	/usr/lib/libmarisa.dylib
0x0000000000da2000 	/usr/lib/libChineseTokenizer.dylib
0x0000000000da2000 	/usr/lib/libcmph.dylib
0x0000000000da2000 	/System/Library/Frameworks/ServiceManagement.framework/Versions/A/ServiceManagement
0x0000000000da2000 	/usr/lib/libxslt.1.dylib
0x0000000000da2000 	/System/Library/Frameworks/Carbon.framework/Versions/A/Frameworks/Ink.framework/Versions/A/Ink
0x0000000000da2000 	/usr/lib/libFosl_dynamic.dylib
0x0000000000da2000 	/System/Library/PrivateFrameworks/FaceCore.framework/Versions/A/FaceCore
0x0000000000da2000 	/System/Library/Frameworks/OpenCL.framework/Versions/A/OpenCL
0x0000000000da2000 	/System/Library/PrivateFrameworks/CrashReporterSupport.framework/Versions/A/CrashReporterSupport
0x0000000000da2000 	/System/Library/PrivateFrameworks/IconServices.framework/Versions/A/IconServices
0x0000000000da2000 	/System/Library/PrivateFrameworks/Apple80211.framework/Versions/A/Apple80211
0x0000000000da2000 	/System/Library/Frameworks/CoreWLAN.framework/Versions/A/CoreWLAN
0x0000000000da2000 	/System/Library/Frameworks/IOBluetooth.framework/Versions/A/IOBluetooth
0x0000000000da2000 	/System/Library/PrivateFrameworks/CoreWiFi.framework/Versions/A/CoreWiFi
0x0000000000da2000 	/System/Library/Frameworks/CoreBluetooth.framework/Versions/A/CoreBluetooth
0x0000000000da2000 	/System/Library/PrivateFrameworks/ChunkingLibrary.framework/Versions/A/ChunkingLibrary
0x0000000000da2000 	/System/Library/PrivateFrameworks/DebugSymbols.framework/Versions/A/DebugSymbols
0x0000000000da2000 	/System/Library/PrivateFrameworks/CoreSymbolication.framework/Versions/A/CoreSymbolication
0x0000000000da2000 	/System/Library/PrivateFrameworks/Symbolication.framework/Versions/A/Symbolication
0x0000000000da2000 	/System/Library/PrivateFrameworks/SpeechRecognitionCore.framework/Versions/A/SpeechRecognitionCore
0x0000000104200000 	/Library/Java/JavaVirtualMachines/jdk1.8.0_45.jdk/Contents/Home/jre/lib/server/libjvm.dylib
0x0000000000da2000 	/usr/lib/libstdc++.6.dylib
0x00000001038a5000 	/Library/Java/JavaVirtualMachines/jdk1.8.0_45.jdk/Contents/Home/jre/lib/libverify.dylib
0x00000001038b3000 	/Library/Java/JavaVirtualMachines/jdk1.8.0_45.jdk/Contents/Home/jre/lib/libjava.dylib
0x00000001038f2000 	/Library/Java/JavaVirtualMachines/jdk1.8.0_45.jdk/Contents/Home/jre/lib/libzip.dylib
0x000000011a9cf000 	/System/Library/Frameworks/JavaVM.framework/Frameworks/JavaRuntimeSupport.framework/JavaRuntimeSupport
0x000000011a9ea000 	/System/Library/Frameworks/JavaVM.framework/Versions/A/Frameworks/JavaNativeFoundation.framework/Versions/A/JavaNativeFoundation
0x000000011a9ff000 	/System/Library/Frameworks/JavaVM.framework/Versions/A/JavaVM
0x0000000000da2000 	/System/Library/Frameworks/Carbon.framework/Versions/A/Carbon
0x000000011aa0c000 	/System/Library/PrivateFrameworks/JavaLaunching.framework/Versions/A/JavaLaunching
0x0000000000da2000 	/System/Library/Frameworks/Carbon.framework/Versions/A/Frameworks/CommonPanels.framework/Versions/A/CommonPanels
0x0000000000da2000 	/System/Library/Frameworks/Carbon.framework/Versions/A/Frameworks/Help.framework/Versions/A/Help
0x0000000000da2000 	/System/Library/Frameworks/Carbon.framework/Versions/A/Frameworks/ImageCapture.framework/Versions/A/ImageCapture
0x0000000000da2000 	/System/Library/Frameworks/Carbon.framework/Versions/A/Frameworks/OpenScripting.framework/Versions/A/OpenScripting
0x0000000000da2000 	/System/Library/Frameworks/Carbon.framework/Versions/A/Frameworks/Print.framework/Versions/A/Print
0x0000000000da2000 	/System/Library/Frameworks/Carbon.framework/Versions/A/Frameworks/SecurityHI.framework/Versions/A/SecurityHI
0x000000011c3f9000 	/Library/Java/JavaVirtualMachines/jdk1.8.0_45.jdk/Contents/Home/jre/lib/libprism_es2.dylib
0x0000000000da2000 	/System/Library/Frameworks/OpenGL.framework/Versions/A/Resources/GLEngine.bundle/GLEngine
0x0000000000da2000 	/System/Library/Frameworks/OpenGL.framework/Versions/A/Libraries/libGLProgrammability.dylib
0x000000011c47b000 	/System/Library/Extensions/AppleIntelHD5000GraphicsGLDriver.bundle/Contents/MacOS/AppleIntelHD5000GraphicsGLDriver
0x0000000000da2000 	/System/Library/PrivateFrameworks/GPUSupport.framework/Versions/A/Libraries/libGPUSupportMercury.dylib
0x0000000000da2000 	/System/Library/Frameworks/OpenGL.framework/Versions/A/Resources/GLRendererFloat.bundle/GLRendererFloat
0x0000000000da2000 	/System/Library/Frameworks/OpenCL.framework/Versions/A/Libraries/libcldcpuengine.dylib
0x0000000000da2000 	/System/Library/PrivateFrameworks/DiskImages.framework/Versions/A/DiskImages
0x0000000000da2000 	/System/Library/Frameworks/DiscRecording.framework/Versions/A/DiscRecording
0x0000000000da2000 	/usr/lib/libcsfde.dylib
0x0000000000da2000 	/usr/lib/libcurl.4.dylib
0x0000000000da2000 	/System/Library/PrivateFrameworks/MediaKit.framework/Versions/A/MediaKit
0x0000000000da2000 	/System/Library/PrivateFrameworks/ProtectedCloudStorage.framework/Versions/A/ProtectedCloudStorage
0x0000000000da2000 	/usr/lib/libCoreStorage.dylib
0x0000000000da2000 	/System/Library/PrivateFrameworks/EFILogin.framework/Versions/A/EFILogin
0x0000000000da2000 	/usr/lib/libutil.dylib
0x0000000000da2000 	/System/Library/PrivateFrameworks/FindMyDevice.framework/Versions/A/FindMyDevice
0x0000000000da2000 	/System/Library/Frameworks/LDAP.framework/Versions/A/LDAP
0x0000000000da2000 	/usr/lib/libsasl2.2.dylib
0x0000000000da2000 	/System/Library/PrivateFrameworks/CoreDaemon.framework/Versions/B/CoreDaemon
0x0000000000da2000 	/usr/lib/libcrypto.0.9.8.dylib
0x0000000000da2000 	/System/Library/PrivateFrameworks/AppleSRP.framework/Versions/A/AppleSRP
0x0000000000da2000 	/System/Library/PrivateFrameworks/TrustEvaluationAgent.framework/Versions/A/TrustEvaluationAgent
0x000000011cffd000 	/Library/Java/JavaVirtualMachines/jdk1.8.0_45.jdk/Contents/Home/jre/lib/libglass.dylib
0x0000000000da2000 	/System/Library/PrivateFrameworks/CoreServicesInternal.framework/Versions/A/CoreServicesInternal
0x0000000000da2000 	/System/Library/CoreServices/RawCamera.bundle/Contents/MacOS/RawCamera
0x0000000000da2000 	/System/Library/Frameworks/CoreGraphics.framework/Versions/A/Resources/libRIP.A.dylib
0x0000000000da2000 	/System/Library/Frameworks/Accelerate.framework/Versions/A/Frameworks/vImage.framework/Versions/A/Libraries/libCGInterfaces.dylib
0x0000000000da2000 	/System/Library/PrivateFrameworks/FamilyControls.framework/Versions/A/FamilyControls
0x0000000000da2000 	/System/Library/PrivateFrameworks/CommerceKit.framework/Versions/A/Frameworks/CommerceCore.framework/Versions/A/CommerceCore
0x0000000000da2000 	/System/Library/PrivateFrameworks/SystemAdministration.framework/Versions/A/SystemAdministration
0x0000000000da2000 	/System/Library/PrivateFrameworks/AppContainer.framework/Versions/A/AppContainer
0x0000000000da2000 	/System/Library/PrivateFrameworks/SecCodeWrapper.framework/Versions/A/SecCodeWrapper
0x0000000000da2000 	/System/Library/Frameworks/DirectoryService.framework/Versions/A/DirectoryService
0x0000000000da2000 	/System/Library/PrivateFrameworks/LoginUIKit.framework/Versions/A/Frameworks/LoginUICore.framework/Versions/A/LoginUICore
0x0000000000da2000 	/usr/lib/libodfde.dylib
0x000000011ff76000 	/Library/Java/JavaVirtualMachines/jdk1.8.0_45.jdk/Contents/Home/jre/lib/libjavafx_font.dylib
0x0000000000da2000 	/System/Library/Frameworks/CoreGraphics.framework/Versions/A/Resources/libCGXType.A.dylib
0x00000001221fe000 	cl_kernels
0x0000000000da2000 	/System/Library/Frameworks/OpenCL.framework/Versions/A/Libraries/ImageFormats/unorm8_bgra.dylib
0x0000000000da2000 	/System/Library/Frameworks/OpenCL.framework/Versions/A/Libraries/ImageFormats/unorm8_rgba.dylib
0x000000012226e000 	/Library/Java/JavaVirtualMachines/jdk1.8.0_45.jdk/Contents/Home/jre/lib/libprism_common.dylib
0x0000000122814000 	/System/Library/Extensions/AppleIntelHD5000GraphicsMTLDriver.bundle/Contents/MacOS/AppleIntelHD5000GraphicsMTLDriver

VM Arguments:
jvm_args: -Dfile.encoding=UTF-8 
java_command: Main
java_class_path (initial): /Users/andrewbihl/Documents/EclipseWorkspace/game/bin
Launcher Type: SUN_STANDARD

Environment Variables:
PATH=/usr/bin:/bin:/usr/sbin:/sbin
SHELL=/bin/bash
DISPLAY=/private/tmp/com.apple.launchd.DYjtn75j5s/org.macosforge.xquartz:0

Signal Handlers:
SIGSEGV: [libjvm.dylib+0x58ef95], sa_mask[0]=11111111011111110111111111111111, sa_flags=SA_ONSTACK|SA_RESTART|SA_SIGINFO
SIGBUS: [libjvm.dylib+0x58ef95], sa_mask[0]=11111111011111110111111111111111, sa_flags=SA_RESTART|SA_SIGINFO
SIGFPE: [libjvm.dylib+0x46c108], sa_mask[0]=11111111011111110111111111111111, sa_flags=SA_RESTART|SA_SIGINFO
SIGPIPE: [libjvm.dylib+0x46c108], sa_mask[0]=11111111011111110111111111111111, sa_flags=SA_RESTART|SA_SIGINFO
SIGXFSZ: [libjvm.dylib+0x46c108], sa_mask[0]=11111111011111110111111111111111, sa_flags=SA_RESTART|SA_SIGINFO
SIGILL: [libjvm.dylib+0x46c108], sa_mask[0]=11111111011111110111111111111111, sa_flags=SA_RESTART|SA_SIGINFO
SIGUSR1: SIG_DFL, sa_mask[0]=00000000000000000000000000000000, sa_flags=none
SIGUSR2: [libjvm.dylib+0x46bc26], sa_mask[0]=00100000000000000000000000000000, sa_flags=SA_RESTART|SA_SIGINFO
SIGHUP: [libjvm.dylib+0x46a1f9], sa_mask[0]=11111111011111110111111111111111, sa_flags=SA_RESTART|SA_SIGINFO
SIGINT: [libjvm.dylib+0x46a1f9], sa_mask[0]=11111111011111110111111111111111, sa_flags=SA_RESTART|SA_SIGINFO
SIGTERM: [libjvm.dylib+0x46a1f9], sa_mask[0]=11111111011111110111111111111111, sa_flags=SA_RESTART|SA_SIGINFO
SIGQUIT: [libjvm.dylib+0x46a1f9], sa_mask[0]=11111111011111110111111111111111, sa_flags=SA_RESTART|SA_SIGINFO


---------------  S Y S T E M  ---------------

OS:Bsduname:Darwin 15.6.0 Darwin Kernel Version 15.6.0: Thu Jun 23 18:25:34 PDT 2016; root:xnu-3248.60.10~1/RELEASE_X86_64 x86_64
rlimit: STACK 8192k, CORE 0k, NPROC 709, NOFILE 10240, AS infinity
load average:13.67 8.65 5.25

CPU:total 4 (2 cores per cpu, 2 threads per core) family 6 model 69 stepping 1, cmov, cx8, fxsr, mmx, sse, sse2, sse3, ssse3, sse4.1, sse4.2, popcnt, avx, avx2, aes, clmul, erms, lzcnt, ht, tsc, tscinvbit, bmi1, bmi2

Memory: 4k page, physical 8388608k(265400k free)

/proc/meminfo:


vm_info: Java HotSpot(TM) 64-Bit Server VM (25.45-b02) for bsd-amd64 JRE (1.8.0_45-b14), built on Apr 10 2015 10:46:38 by "java_re" with gcc 4.2.1 (Based on Apple Inc. build 5658) (LLVM build 2336.11.00)

time: Wed Sep  7 18:41:10 2016
elapsed time: 479 seconds (0d 0h 7m 59s)

